<?xml version="1.0" encoding="UTF-8"?>
<!-- Generated by org.testng.reporters.JUnitReportReporter -->
<testsuite hostname="Naveens-MacBook-Air.local" failures="0" tests="1" name="com.EmpMonitor.test.EmpAttendance" time="44.106" errors="0" timestamp="2024-05-01T22:48:09 IST" skipped="0">
  <testcase classname="com.EmpMonitor.test.EmpAttendance" name="EmployeAttendance" time="44.106"/>
  <system-out/>
</testsuite> <!-- com.EmpMonitor.test.EmpAttendance -->
