<?xml version="1.0" encoding="UTF-8"?>
<!-- Generated by org.testng.reporters.JUnitReportReporter -->
<testsuite hostname="Naveens-MacBook-Air.local" failures="0" tests="1" name="com.EmpMonitor.test.TestTimesheet" time="18.235" errors="0" timestamp="2024-05-01T20:38:04 IST" skipped="0">
  <testcase classname="com.EmpMonitor.test.TestTimesheet" name="timesheet" time="18.235"/>
  <system-out/>
</testsuite> <!-- com.EmpMonitor.test.TestTimesheet -->
