<?xml version="1.0" encoding="UTF-8"?>
<!-- Generated by org.testng.reporters.JUnitReportReporter -->
<testsuite hostname="Naveens-MacBook-Air.local" failures="0" tests="1" name="com.EmpMonitor.test.Register" time="23.045" errors="0" timestamp="2024-04-13T13:18:55 IST" skipped="0">
  <testcase classname="com.EmpMonitor.test.Register" name="RegisterName" time="23.045"/>
  <system-out/>
</testsuite> <!-- com.EmpMonitor.test.Register -->
