<?xml version="1.0" encoding="UTF-8"?>
<!-- Generated by org.testng.reporters.JUnitReportReporter -->
<testsuite hostname="Naveens-MacBook-Air.local" failures="0" tests="1" name="com.EmpMonitor.test.Register" time="29.962" errors="0" timestamp="2024-05-01T14:36:30 IST" skipped="0">
  <testcase classname="com.EmpMonitor.test.Register" name="RegisterName" time="29.962"/>
  <system-out/>
</testsuite> <!-- com.EmpMonitor.test.Register -->
