<?xml version="1.0" encoding="UTF-8"?>
<!-- Generated by org.testng.reporters.JUnitReportReporter -->
<testsuite hostname="Naveens-MacBook-Air.local" failures="0" tests="1" name="com.EmpMonitor.test.TestReports" time="33.426" errors="0" timestamp="2024-05-04T16:09:02 IST" skipped="0">
  <testcase classname="com.EmpMonitor.test.TestReports" name="ReportDownload" time="33.426"/>
  <system-out/>
</testsuite> <!-- com.EmpMonitor.test.TestReports -->
