<?xml version="1.0" encoding="UTF-8"?>
<!-- Generated by org.testng.reporters.JUnitReportReporter -->
<testsuite hostname="Naveens-MacBook-Air.local" failures="0" tests="1" name="com.EmpMonitor.test.TestTimeClaming" time="15.728" errors="0" timestamp="2024-05-01T21:01:15 IST" skipped="0">
  <testcase classname="com.EmpMonitor.test.TestTimeClaming" name="ClaimTest" time="15.728"/>
  <system-out/>
</testsuite> <!-- com.EmpMonitor.test.TestTimeClaming -->
