<?xml version="1.0" encoding="UTF-8"?>
<!-- Generated by org.testng.reporters.JUnitReportReporter -->
<testsuite hostname="Naveens-MacBook-Air.local" failures="0" tests="1" name="com.EmpMonitor.test.TestTimeClaming" time="33.361" errors="0" timestamp="2024-05-01T22:48:09 IST" skipped="0">
  <testcase classname="com.EmpMonitor.test.TestTimeClaming" name="ClaimTest" time="33.361"/>
  <system-out/>
</testsuite> <!-- com.EmpMonitor.test.TestTimeClaming -->
