<?xml version="1.0" encoding="UTF-8"?>
<!-- Generated by org.testng.reporters.JUnitReportReporter -->
<testsuite hostname="Naveens-MacBook-Air.local" failures="0" tests="1" name="com.EmpMonitor.test.Register" time="26.910" errors="0" timestamp="2024-05-01T20:38:04 IST" skipped="0">
  <testcase classname="com.EmpMonitor.test.Register" name="RegisterName" time="26.910"/>
  <system-out/>
</testsuite> <!-- com.EmpMonitor.test.Register -->
